<?xml version="1.0" encoding="utf-8" standalone="no"?>
<!--This file represents the results of running a test suite-->
<test-results name="C:\Work\temp\KS201008\KTUnitTest\bin\Debug\KTUnitTest.dll" total="1" failures="1" not-run="0" date="2010-08-16" time="14:25:17">
  <environment nunit-version="2.4.8.0" clr-version="2.0.50727.1873" os-version="Microsoft Windows NT 5.1.2600 Service Pack 3" platform="Win32NT" cwd="C:\Program Files\NUnit 2.4.8\bin" machine-name="CNDT50089112" user="I047017" user-domain="SAP_ALL" />
  <culture-info current-culture="zh-CN" current-uiculture="en-US" />
  <test-suite name="C:\Work\temp\KS201008\KTUnitTest\bin\Debug\KTUnitTest.dll" success="False" time="0.141" asserts="0">
    <results>
      <test-suite name="KS201008" success="False" time="0.125" asserts="0">
        <results>
          <test-suite name="UnitTests" success="False" time="0.125" asserts="0">
            <results>
              <test-suite name="TestOrderLine" success="False" time="0.109" asserts="0">
                <results>
                  <test-case name="KS201008.UnitTests.TestOrderLine.PriceQuantityChange" executed="True" success="False" time="0.109" asserts="2">
                    <failure>
                      <message><![CDATA[  Expected: 8m
  But was:  20m
]]></message>
                      <stack-trace><![CDATA[at KS201008.UnitTests.TestOrderLine.PriceQuantityChange() in C:\Work\temp\KS201008\KTUnitTest\TestOrderLine.cs:line 20
]]></stack-trace>
                    </failure>
                  </test-case>
                </results>
              </test-suite>
            </results>
          </test-suite>
        </results>
      </test-suite>
    </results>
  </test-suite>
</test-results>